Determining if the pthread_create exist failed with the following output:
Change Dir: /home/somal/catkin_ws/build/CMakeFiles/CMakeTmp

Run Build Command:/usr/bin/make "cmTryCompileExec3719868506/fast"
/usr/bin/make -f CMakeFiles/cmTryCompileExec3719868506.dir/build.make CMakeFiles/cmTryCompileExec3719868506.dir/build
make[1]: Вход в каталог `/home/somal/catkin_ws/build/CMakeFiles/CMakeTmp'
/usr/bin/cmake -E cmake_progress_report /home/somal/catkin_ws/build/CMakeFiles/CMakeTmp/CMakeFiles 1
Building C object CMakeFiles/cmTryCompileExec3719868506.dir/CheckSymbolExists.c.o
/usr/bin/cc    -o CMakeFiles/cmTryCompileExec3719868506.dir/CheckSymbolExists.c.o   -c /home/somal/catkin_ws/build/CMakeFiles/CMakeTmp/CheckSymbolExists.c
Linking C executable cmTryCompileExec3719868506
/usr/bin/cmake -E cmake_link_script CMakeFiles/cmTryCompileExec3719868506.dir/link.txt --verbose=1
/usr/bin/cc       CMakeFiles/cmTryCompileExec3719868506.dir/CheckSymbolExists.c.o  -o cmTryCompileExec3719868506 -rdynamic 
CMakeFiles/cmTryCompileExec3719868506.dir/CheckSymbolExists.c.o: In function `main':
CheckSymbolExists.c:(.text+0x16): undefined reference to `pthread_create'
collect2: error: ld returned 1 exit status
make[1]: *** [cmTryCompileExec3719868506] Ошибка 1
make[1]: Выход из каталога `/home/somal/catkin_ws/build/CMakeFiles/CMakeTmp'
make: *** [cmTryCompileExec3719868506/fast] Ошибка 2

File /home/somal/catkin_ws/build/CMakeFiles/CMakeTmp/CheckSymbolExists.c:
/* */
#include <pthread.h>

int main(int argc, char** argv)
{
  (void)argv;
#ifndef pthread_create
  return ((int*)(&pthread_create))[argc];
#else
  (void)argc;
  return 0;
#endif
}

Determining if the function pthread_create exists in the pthreads failed with the following output:
Change Dir: /home/somal/catkin_ws/build/CMakeFiles/CMakeTmp

Run Build Command:/usr/bin/make "cmTryCompileExec1763504435/fast"
/usr/bin/make -f CMakeFiles/cmTryCompileExec1763504435.dir/build.make CMakeFiles/cmTryCompileExec1763504435.dir/build
make[1]: Вход в каталог `/home/somal/catkin_ws/build/CMakeFiles/CMakeTmp'
/usr/bin/cmake -E cmake_progress_report /home/somal/catkin_ws/build/CMakeFiles/CMakeTmp/CMakeFiles 1
Building C object CMakeFiles/cmTryCompileExec1763504435.dir/CheckFunctionExists.c.o
/usr/bin/cc   -DCHECK_FUNCTION_EXISTS=pthread_create   -o CMakeFiles/cmTryCompileExec1763504435.dir/CheckFunctionExists.c.o   -c /usr/share/cmake-2.8/Modules/CheckFunctionExists.c
Linking C executable cmTryCompileExec1763504435
/usr/bin/cmake -E cmake_link_script CMakeFiles/cmTryCompileExec1763504435.dir/link.txt --verbose=1
/usr/bin/cc   -DCHECK_FUNCTION_EXISTS=pthread_create    CMakeFiles/cmTryCompileExec1763504435.dir/CheckFunctionExists.c.o  -o cmTryCompileExec1763504435 -rdynamic -lpthreads 
/usr/bin/ld: cannot find -lpthreads
collect2: error: ld returned 1 exit status
make[1]: *** [cmTryCompileExec1763504435] Ошибка 1
make[1]: Выход из каталога `/home/somal/catkin_ws/build/CMakeFiles/CMakeTmp'
make: *** [cmTryCompileExec1763504435/fast] Ошибка 2


